https://leetcode.com/problems/consecutive-numbers-sum/submissions/
https://leetcode.com/problems/reverse-integer/
https://leetcode.com/problems/string-compression/
https://leetcode.com/problems/longest-common-prefix/
https://leetcode.com/problems/container-with-most-water/
https://leetcode.com/problems/game-of-life/
https://leetcode.com/problems/daily-temperatures/
https://leetcode.com/problems/binary-tree-maximum-path-sum/submissions/
https://leetcode.com/problems/move-zeroes/submissions/
https://leetcode.com/problems/regular-expression-matching/submissions/
https://leetcode.com/problems/climbing-stairs/submissions/
https://leetcode.com/problems/wildcard-matching/submissions/
https://leetcode.com/problems/maximal-rectangle/submissions/
https://leetcode.com/problems/encode-and-decode-tinyurl/submissions/
https://leetcode.com/problems/minimum-moves-to-equal-array-elements/submissions/
https://leetcode.com/problems/valid-anagram/submissions/
https://leetcode.com/problems/find-peak-element/submissions/
https://leetcode.com/problems/find-pivot-index/submissions/
https://leetcode.com/problems/maximum-length-of-repeated-subarray/submissions/
https://leetcode.com/problems/house-robber/submissions/
https://leetcode.com/problems/partition-labels/submissions/
https://leetcode.com/problems/happy-number/submissions/
https://leetcode.com/problems/range-sum-of-bst/submissions/
https://leetcode.com/problems/binary-tree-level-order-traversal/submissions/
https://leetcode.com/problems/restore-ip-addresses/submissions/
https://leetcode.com/problems/serialize-and-deserialize-n-ary-tree/submissions/
https://leetcode.com/problems/sum-of-two-integers/submissions/
https://leetcode.com/problems/unique-paths-ii/submissions/
https://leetcode.com/problems/intersection-of-two-arrays/submissions/
https://leetcode.com/problems/minimum-path-sum/submissions/
https://leetcode.com/problems/longest-word-in-dictionary/submissions/
https://leetcode.com/problems/largest-number/submissions/
https://leetcode.com/problems/path-sum-iii/submissions/
https://leetcode.com/problems/missing-number/submissions/
https://leetcode.com/problems/reveal-cards-in-increasing-order/submissions/
https://leetcode.com/problems/intersection-of-two-arrays-ii/submissions/
https://leetcode.com/problems/plus-one/submissions/
https://leetcode.com/problems/flatten-binary-tree-to-linked-list/submissions/
https://leetcode.com/problems/count-primes/submissions/
https://leetcode.com/problems/reverse-words-in-a-string-iii/submissions/
https://leetcode.com/problems/merge-two-binary-trees/submissions/
https://leetcode.com/problems/pascals-triangle/submissions/
https://leetcode.com/problems/remove-comments/submissions/
https://leetcode.com/problems/count-complete-tree-nodes/submissions/
https://leetcode.com/problems/odd-even-linked-list/submissions/
https://leetcode.com/problems/longest-palindrome/submissions/
https://leetcode.com/problems/find-common-characters/submissions/
https://leetcode.com/problems/backspace-string-compare/submissions/
https://leetcode.com/problems/bulls-and-cows/submissions/
https://leetcode.com/problems/sort-array-by-parity/submissions/
https://leetcode.com/problems/house-robber-iii/submissions/
https://leetcode.com/problems/middle-of-the-linked-list/submissions/
https://leetcode.com/problems/binary-search/submissions/
https://leetcode.com/problems/check-completeness-of-a-binary-tree/submissions/
https://leetcode.com/problems/reverse-bits/submissions/
https://leetcode.com/problems/kth-smallest-element-in-a-bst/submissions/
https://leetcode.com/problems/implement-queue-using-stacks/submissions/
https://leetcode.com/problems/contains-duplicate/submissions/
https://leetcode.com/problems/implement-strstr/submissions/
https://leetcode.com/problems/summary-ranges/submissions/
https://leetcode.com/problems/rotated-digits/submissions/
https://leetcode.com/problems/rotate-list/submissions/
https://leetcode.com/problems/same-tree/submissions/
https://leetcode.com/problems/prison-cells-after-n-days/submissions/
https://leetcode.com/problems/walking-robot-simulation/submissions/
https://leetcode.com/problems/jewels-and-stones/submissions/
https://leetcode.com/problems/increasing-order-search-tree/submissions/
https://leetcode.com/problems/convert-sorted-list-to-binary-search-tree/submissions/
https://leetcode.com/problems/print-binary-tree/submissions/
https://leetcode.com/problems/binary-tree-pruning/submissions/
https://leetcode.com/problems/convert-bst-to-greater-tree/submissions/
https://leetcode.com/problems/reverse-only-letters/submissions/
https://leetcode.com/problems/power-of-two/submissions/
https://leetcode.com/problems/peak-index-in-a-mountain-array/submissions/
https://leetcode.com/problems/implement-stack-using-queues/submissions/
https://leetcode.com/problems/counting-bits/submissions/
https://leetcode.com/problems/flipping-an-image/submissions/
https://leetcode.com/problems/transpose-matrix/submissions/
https://leetcode.com/problems/unique-morse-code-words/submissions/
https://leetcode.com/problems/binary-tree-level-order-traversal-ii/submissions/
https://leetcode.com/problems/max-increase-to-keep-city-skyline/submissions/
https://leetcode.com/problems/di-string-match/submissions/
https://leetcode.com/problems/sort-array-by-parity-ii/submissions/
https://leetcode.com/problems/license-key-formatting/submissions/
https://leetcode.com/problems/power-of-three/submissions/
https://leetcode.com/problems/unique-email-addresses/submissions/
https://leetcode.com/problems/to-lower-case/submissions/
https://leetcode.com/problems/minimum-index-sum-of-two-lists/submissions/
https://leetcode.com/problems/find-the-difference/submissions/
https://leetcode.com/problems/design-hashset/submissions/
https://leetcode.com/problems/detect-capital/submissions/
https://leetcode.com/problems/univalued-binary-tree/submissions/
https://leetcode.com/problems/binary-tree-preorder-traversal/submissions/
https://leetcode.com/problems/sum-of-even-numbers-after-queries/submissions/
https://leetcode.com/problems/n-ary-tree-level-order-traversal/submissions/
https://leetcode.com/problems/insert-into-a-binary-search-tree/submissions/
https://leetcode.com/problems/number-complement/submissions/
https://leetcode.com/problems/n-repeated-element-in-size-2n-array/submissions/
https://leetcode.com/problems/binary-tree-tilt/submissions/
https://leetcode.com/problems/binary-tree-postorder-traversal/submissions/
https://leetcode.com/problems/n-ary-tree-postorder-traversal/submissions/
https://leetcode.com/problems/complex-number-multiplication/submissions/
https://leetcode.com/problems/binary-number-with-alternating-bits/submissions/
https://leetcode.com/problems/positions-of-large-groups/submissions/

Future TODOs
- medians of two sorted array
- lfu
- sodoku solver
- leetcode regex problem
- word search ii
- reverse k group
